<?xml version="1.0" encoding="UTF-8"?>
<testng-results skipped="0" failed="0" ignored="0" total="1" passed="1">
  <reporter-output>
  </reporter-output>
  <suite name="Default suite" duration-ms="4396" started-at="2018-12-23T19:15:31Z" finished-at="2018-12-23T19:15:35Z">
    <groups>
    </groups>
    <test name="Default test" duration-ms="4396" started-at="2018-12-23T19:15:31Z" finished-at="2018-12-23T19:15:35Z">
      <class name="test.PostApiTest">
        <test-method status="PASS" signature="setUp()[pri:0, instance:test.PostApiTest@5c7fa833]" name="setUp" is-config="true" duration-ms="16" started-at="2018-12-23T19:15:31Z" finished-at="2018-12-23T19:15:31Z">
          <reporter-output>
          </reporter-output>
        </test-method> <!-- setUp -->
        <test-method status="PASS" signature="postApiTest()[pri:0, instance:test.PostApiTest@5c7fa833]" name="postApiTest" duration-ms="4294" started-at="2018-12-23T19:15:31Z" finished-at="2018-12-23T19:15:35Z">
          <reporter-output>
          </reporter-output>
        </test-method> <!-- postApiTest -->
      </class> <!-- test.PostApiTest -->
    </test> <!-- Default test -->
  </suite> <!-- Default suite -->
</testng-results>
